<?xml version="1.0" encoding="UTF-8"?>
<robot generator="Robot 6.0 (Python 3.10.10 on win32)" generated="20230309 13:23:55.763" rpa="false" schemaversion="3">
<suite id="s1" name="ChamandoExemplo" source="C:\ProjectsTV\Robot\Tutorial\ExemplosSoltos\ChamandoExemplo.robot">
<test id="s1-t1" name="Teste do IF" line="6">
<kw name="Acessar o site e logar com o Perfil admin" library="ExemploIF" sourcename="Acessar o site e logar com o Perfil ${perfil}">
<if>
<branch type="IF" condition="&quot;${perfil}&quot;==&quot;admin&quot;">
<kw name="Open Browser" library="SeleniumLibrary">
<arg>https://www.youtube.com/</arg>
<doc>Opens a new browser instance to the optional ``url``.</doc>
<msg timestamp="20230309 13:23:55.965" level="INFO">Opening browser 'firefox' to base url 'https://www.youtube.com/'.</msg>
<msg timestamp="20230309 13:23:55.966" level="INFO">Firefox driver log is always forced to to: C:\ProjectsTV\Robot\Tutorial\results\geckodriver-7.log</msg>
<status status="PASS" starttime="20230309 13:23:55.964" endtime="20230309 13:24:05.121"/>
</kw>
<kw name="Close Browser" library="SeleniumLibrary">
<doc>Closes the current browser.</doc>
<status status="PASS" starttime="20230309 13:24:05.122" endtime="20230309 13:24:07.849"/>
</kw>
<status status="PASS" starttime="20230309 13:23:55.964" endtime="20230309 13:24:07.849"/>
</branch>
<branch type="ELSE">
<kw name="Open Browser" library="SeleniumLibrary">
<arg>https://www.google.com/</arg>
<doc>Opens a new browser instance to the optional ``url``.</doc>
<status status="NOT RUN" starttime="20230309 13:24:07.850" endtime="20230309 13:24:07.850"/>
</kw>
<kw name="Close Browser" library="SeleniumLibrary">
<doc>Closes the current browser.</doc>
<status status="NOT RUN" starttime="20230309 13:24:07.850" endtime="20230309 13:24:07.850"/>
</kw>
<status status="NOT RUN" starttime="20230309 13:24:07.849" endtime="20230309 13:24:07.850"/>
</branch>
<status status="PASS" starttime="20230309 13:23:55.964" endtime="20230309 13:24:07.850"/>
</if>
<status status="PASS" starttime="20230309 13:23:55.964" endtime="20230309 13:24:07.850"/>
</kw>
<status status="PASS" starttime="20230309 13:23:55.963" endtime="20230309 13:24:07.851"/>
</test>
<test id="s1-t2" name="Testando o if com o IFInline" line="9">
<kw name="Acessar o site com IfLine admin" library="ExemploIF" sourcename="Acessar o site com IfLine ${perfil}">
<if>
<branch type="IF" condition="&quot;${perfil}&quot;==&quot;admin&quot;">
<kw name="Open Browser" library="SeleniumLibrary">
<arg>https://www.youtube.com/</arg>
<doc>Opens a new browser instance to the optional ``url``.</doc>
<msg timestamp="20230309 13:24:07.854" level="INFO">Opening browser 'firefox' to base url 'https://www.youtube.com/'.</msg>
<msg timestamp="20230309 13:24:07.854" level="INFO">Firefox driver log is always forced to to: C:\ProjectsTV\Robot\Tutorial\results\geckodriver-8.log</msg>
<status status="PASS" starttime="20230309 13:24:07.853" endtime="20230309 13:24:19.612"/>
</kw>
<status status="PASS" starttime="20230309 13:24:07.853" endtime="20230309 13:24:19.612"/>
</branch>
<branch type="ELSE">
<kw name="Open Browser" library="SeleniumLibrary">
<arg>https://www.google.com/</arg>
<doc>Opens a new browser instance to the optional ``url``.</doc>
<status status="NOT RUN" starttime="20230309 13:24:19.613" endtime="20230309 13:24:19.613"/>
</kw>
<status status="NOT RUN" starttime="20230309 13:24:19.612" endtime="20230309 13:24:19.613"/>
</branch>
<status status="PASS" starttime="20230309 13:24:07.853" endtime="20230309 13:24:19.613"/>
</if>
<status status="PASS" starttime="20230309 13:24:07.853" endtime="20230309 13:24:19.613"/>
</kw>
<status status="PASS" starttime="20230309 13:24:07.852" endtime="20230309 13:24:19.614"/>
</test>
<status status="PASS" starttime="20230309 13:23:55.765" endtime="20230309 13:24:19.616"/>
</suite>
<statistics>
<total>
<stat pass="2" fail="0" skip="0">All Tests</stat>
</total>
<tag>
</tag>
<suite>
<stat pass="2" fail="0" skip="0" id="s1" name="ChamandoExemplo">ChamandoExemplo</stat>
</suite>
</statistics>
<errors>
</errors>
</robot>
